<?xml version="1.0" encoding="UTF-8"?>
<!-- Generated by org.testng.reporters.JUnitXMLReporter -->
<testsuite hostname="satchinu-PC" name="spicejet test report" tests="3" failures="0" timestamp="9 May 2014 18:14:14 GMT" time="376.745" errors="0">
  <testcase name="verifyOnewaySearch" time="5.415" classname="TestNG.Spicejet_verify"/>
  <testcase name="verifyjavascripyalerts" time="1.122" classname="TestNG.Spicejet_verify"/>
  <testcase name="verifypopup" time="205.782" classname="TestNG.Spicejet_verify"/>
</testsuite> <!-- spicejet test report -->
