<?xml version="1.0" encoding="UTF-8"?>
<!-- Generated by org.testng.reporters.JUnitXMLReporter -->
<testsuite hostname="satchinu-PC" name="DataDriven chrome" tests="1" failures="0" timestamp="21 May 2014 15:31:44 GMT" time="0.17" errors="0">
  <testcase name="@BeforeTest beforeTest" time="0.0" classname="dataDriven.DriverScript">
    <failure type="java.lang.IllegalStateException" message="The path to the driver executable must be set by the webdriver.chrome.driver system property; for more information, see http://code.google.com/p/selenium/wiki/ChromeDriver. The latest version can be downloaded from http://chromedriver.storage.googleapis.com/index.html">
      <![CDATA[java.lang.IllegalStateException: The path to the driver executable must be set by the webdriver.chrome.driver system property; for more information, see http://code.google.com/p/selenium/wiki/ChromeDriver. The latest version can be downloaded from http://chromedriver.storage.googleapis.com/index.html
	at com.google.common.base.Preconditions.checkState(Preconditions.java:177)
	at org.openqa.selenium.remote.service.DriverService.findExecutable(DriverService.java:105)
	at org.openqa.selenium.chrome.ChromeDriverService.createDefaultService(ChromeDriverService.java:75)
	at org.openqa.selenium.chrome.ChromeDriver.<init>(ChromeDriver.java:107)
	at dataDriven.DriverScript.beforeTest(DriverScript.java:104)
	at java.util.concurrent.FutureTask.run(Unknown Source)
	at java.util.concurrent.ThreadPoolExecutor.runWorker(Unknown Source)
	at java.util.concurrent.ThreadPoolExecutor$Worker.run(Unknown Source)
	at java.lang.Thread.run(Unknown Source)
... Removed 14 stack frames]]>
    </failure>
  </testcase> <!-- @BeforeTest beforeTest -->
  <testcase name="@AfterTest afterTest" time="0.0" classname="dataDriven.DriverScript">
    <skipped/>
  </testcase> <!-- @AfterTest afterTest -->
  <testcase name="reUsableScript" time="0.0" classname="dataDriven.DriverScript">
    <skipped/>
  </testcase> <!-- reUsableScript -->
</testsuite> <!-- DataDriven chrome -->
