<?xml version="1.0" encoding="UTF-8"?>
<!-- Generated by org.testng.reporters.JUnitXMLReporter -->
<testsuite hostname="satchinu-PC" name="Default test" tests="1" failures="0" timestamp="21 May 2014 15:25:20 GMT" time="0.04" errors="0">
  <testcase name="@BeforeTest beforeTest" time="0.0" classname="dataDriven.DriverScript">
    <failure type="org.testng.TestNGException" message="
Method beforeTest requires 1 parameters but 0 were supplied in the @Configuration annotation.">
      <![CDATA[org.testng.TestNGException: 
Method beforeTest requires 1 parameters but 0 were supplied in the @Configuration annotation.
	at org.testng.internal.Parameters.checkParameterTypes(Parameters.java:198)
	at org.testng.internal.Parameters.createParameters(Parameters.java:134)
	at org.testng.internal.Parameters.createParameters(Parameters.java:373)
	at org.testng.internal.Parameters.createConfigurationParameters(Parameters.java:86)
	at org.testng.internal.Invoker.invokeConfigurations(Invoker.java:199)
	at org.testng.internal.Invoker.invokeConfigurations(Invoker.java:138)
	at org.testng.TestRunner.beforeRun(TestRunner.java:641)
	at org.testng.TestRunner.run(TestRunner.java:609)
	at org.testng.SuiteRunner.runTest(SuiteRunner.java:334)
	at org.testng.SuiteRunner.runSequentially(SuiteRunner.java:329)
	at org.testng.SuiteRunner.privateRun(SuiteRunner.java:291)
	at org.testng.SuiteRunner.run(SuiteRunner.java:240)
	at org.testng.SuiteRunnerWorker.runSuite(SuiteRunnerWorker.java:52)
	at org.testng.SuiteRunnerWorker.run(SuiteRunnerWorker.java:86)
	at org.testng.TestNG.runSuitesSequentially(TestNG.java:1224)
	at org.testng.TestNG.runSuitesLocally(TestNG.java:1149)
	at org.testng.TestNG.run(TestNG.java:1057)
	at org.testng.remote.RemoteTestNG.run(RemoteTestNG.java:111)
	at org.testng.remote.RemoteTestNG.initAndRun(RemoteTestNG.java:204)
	at org.testng.remote.RemoteTestNG.main(RemoteTestNG.java:175)
]]>
    </failure>
  </testcase> <!-- @BeforeTest beforeTest -->
  <testcase name="@AfterTest afterTest" time="0.0" classname="dataDriven.DriverScript">
    <skipped/>
  </testcase> <!-- @AfterTest afterTest -->
  <testcase name="reUsableScript" time="0.01" classname="dataDriven.DriverScript">
    <skipped/>
  </testcase> <!-- reUsableScript -->
</testsuite> <!-- Default test -->
