<?xml version="1.0" encoding="UTF-8"?>
<testng-results skipped="0" failed="0" total="1" passed="1">
  <reporter-output>
  </reporter-output>
  <suite name="Default suite" duration-ms="83290" started-at="2014-07-08T11:49:20Z" finished-at="2014-07-08T11:50:44Z">
    <groups>
    </groups>
    <test name="Default test" duration-ms="83290" started-at="2014-07-08T11:49:20Z" finished-at="2014-07-08T11:50:44Z">
      <class name="pagefactory.LoginTestPage">
        <test-method status="PASS" signature="beforeMethod()[pri:0, instance:pagefactory.LoginTestPage@13710065]" name="beforeMethod" is-config="true" duration-ms="80578" started-at="2014-07-08T17:19:20Z" finished-at="2014-07-08T17:20:41Z">
          <reporter-output>
          </reporter-output>
        </test-method> <!-- beforeMethod -->
        <test-method status="PASS" signature="testLoginPage()[pri:0, instance:pagefactory.LoginTestPage@13710065]" name="testLoginPage" duration-ms="2681" started-at="2014-07-08T17:20:41Z" finished-at="2014-07-08T17:20:44Z">
          <reporter-output>
          </reporter-output>
        </test-method> <!-- testLoginPage -->
      </class> <!-- pagefactory.LoginTestPage -->
    </test> <!-- Default test -->
  </suite> <!-- Default suite -->
</testng-results>
